github.com/hetiansu5/urlquery/encoder.go:29:		NewEncoder		100.0%
github.com/hetiansu5/urlquery/encoder.go:39:		resetQueryEncoder	100.0%
github.com/hetiansu5/urlquery/encoder.go:48:		genNextParentNode	100.0%
github.com/hetiansu5/urlquery/encoder.go:53:		buildQuery		90.0%
github.com/hetiansu5/urlquery/encoder.go:77:		buildQueryForMap	66.7%
github.com/hetiansu5/urlquery/encoder.go:103:		buildQueryForStruct	100.0%
github.com/hetiansu5/urlquery/encoder.go:136:		appendKeyValue		100.0%
github.com/hetiansu5/urlquery/encoder.go:157:		encode			100.0%
github.com/hetiansu5/urlquery/encoder.go:168:		getEncodeFunc		66.7%
github.com/hetiansu5/urlquery/encoder.go:176:		RegisterEncodeFunc	100.0%
github.com/hetiansu5/urlquery/encoder.go:182:		Marshal			100.0%
github.com/hetiansu5/urlquery/encoder.go:206:		Marshal			100.0%
github.com/hetiansu5/urlquery/error.go:13:		Error			100.0%
github.com/hetiansu5/urlquery/error.go:20:		Error			100.0%
github.com/hetiansu5/urlquery/error.go:29:		Error			100.0%
github.com/hetiansu5/urlquery/error.go:38:		Error			100.0%
github.com/hetiansu5/urlquery/error.go:47:		Error			100.0%
github.com/hetiansu5/urlquery/error.go:56:		Error			100.0%
github.com/hetiansu5/urlquery/function.go:31:		isAccessMapKeyType	100.0%
github.com/hetiansu5/urlquery/function.go:37:		isAccessMapValueType	100.0%
github.com/hetiansu5/urlquery/function.go:43:		unpackQueryKey		100.0%
github.com/hetiansu5/urlquery/function.go:62:		repackArrayQueryKey	100.0%
github.com/hetiansu5/urlquery/function.go:75:		genNextParentNode	100.0%
github.com/hetiansu5/urlquery/function.go:83:		isZeroValue		89.5%
github.com/hetiansu5/urlquery/option.go:13:		WithQueryEncoder	100.0%
github.com/hetiansu5/urlquery/option.go:22:		WithNeedEmptyValue	100.0%
github.com/hetiansu5/urlquery/parser.go:23:		NewParser		80.0%
github.com/hetiansu5/urlquery/parser.go:33:		init			63.2%
github.com/hetiansu5/urlquery/parser.go:68:		resetQueryEncoder	66.7%
github.com/hetiansu5/urlquery/parser.go:77:		genNextParentNode	100.0%
github.com/hetiansu5/urlquery/parser.go:82:		parse			81.8%
github.com/hetiansu5/urlquery/parser.go:108:		parseForPrt		100.0%
github.com/hetiansu5/urlquery/parser.go:129:		parseForMap		79.2%
github.com/hetiansu5/urlquery/parser.go:173:		parseForSlice		84.6%
github.com/hetiansu5/urlquery/parser.go:203:		parseForStruct		100.0%
github.com/hetiansu5/urlquery/parser.go:230:		parseValue		100.0%
github.com/hetiansu5/urlquery/parser.go:250:		decode			60.0%
github.com/hetiansu5/urlquery/parser.go:260:		getDecodeFunc		66.7%
github.com/hetiansu5/urlquery/parser.go:268:		lookup			100.0%
github.com/hetiansu5/urlquery/parser.go:280:		lookupForSlice		77.8%
github.com/hetiansu5/urlquery/parser.go:295:		get			100.0%
github.com/hetiansu5/urlquery/parser.go:301:		RegisterDecodeFunc	0.0%
github.com/hetiansu5/urlquery/parser.go:307:		Unmarshal		85.7%
github.com/hetiansu5/urlquery/parser.go:335:		Unmarshal		100.0%
github.com/hetiansu5/urlquery/tag.go:15:		newTag			100.0%
github.com/hetiansu5/urlquery/tag.go:25:		getName			100.0%
github.com/hetiansu5/urlquery/tag.go:30:		contains		100.0%
github.com/hetiansu5/urlquery/urlencoder.go:13:		SetGlobalQueryEncoder	100.0%
github.com/hetiansu5/urlquery/urlencoder.go:18:		getQueryEncoder		100.0%
github.com/hetiansu5/urlquery/urlencoder.go:35:		Escape			100.0%
github.com/hetiansu5/urlquery/urlencoder.go:40:		UnEscape		100.0%
github.com/hetiansu5/urlquery/valuedecoder.go:12:	boolDecode		100.0%
github.com/hetiansu5/urlquery/valuedecoder.go:22:	baseIntDecode		100.0%
github.com/hetiansu5/urlquery/valuedecoder.go:46:	intDecode		100.0%
github.com/hetiansu5/urlquery/valuedecoder.go:53:	baseUintDecode		100.0%
github.com/hetiansu5/urlquery/valuedecoder.go:77:	uintDecode		100.0%
github.com/hetiansu5/urlquery/valuedecoder.go:84:	uintPrtDecode		100.0%
github.com/hetiansu5/urlquery/valuedecoder.go:94:	baseFloatDecode		100.0%
github.com/hetiansu5/urlquery/valuedecoder.go:112:	floatDecode		100.0%
github.com/hetiansu5/urlquery/valuedecoder.go:119:	stringDecode		100.0%
github.com/hetiansu5/urlquery/valuedecoder.go:124:	getDecodeFunc		94.1%
github.com/hetiansu5/urlquery/valueencoder.go:12:	boolEncode		100.0%
github.com/hetiansu5/urlquery/valueencoder.go:20:	intEncode		100.0%
github.com/hetiansu5/urlquery/valueencoder.go:25:	uintEncode		100.0%
github.com/hetiansu5/urlquery/valueencoder.go:30:	floatEncode		100.0%
github.com/hetiansu5/urlquery/valueencoder.go:35:	stringEncode		100.0%
github.com/hetiansu5/urlquery/valueencoder.go:40:	getEncodeFunc		100.0%
total:							(statements)		90.8%
